<?xml version="1.0" encoding="UTF-8"?>
<testng-results ignored="0" total="3" passed="3" failed="0" skipped="0">
  <reporter-output>
  </reporter-output>
  <suite started-at="2022-01-13T22:44:26 IST" name="Default suite" finished-at="2022-01-13T22:45:06 IST" duration-ms="40285">
    <groups>
      <group name="cucumber">
        <method signature="AbstractTestNGCucumberTests.runScenario(io.cucumber.testng.PickleWrapper, io.cucumber.testng.FeatureWrapper)[pri:0, instance:com.mindtree.runner.TestRunner@55cf0d14]" name="runScenario" class="io.cucumber.testng.AbstractTestNGCucumberTests"/>
      </group> <!-- cucumber -->
    </groups>
    <test started-at="2022-01-13T22:44:26 IST" name="Default test" finished-at="2022-01-13T22:45:06 IST" duration-ms="40285">
      <class name="com.mindtree.runner.TestRunner">
        <test-method is-config="true" signature="setUpClass(org.testng.ITestContext)[pri:0, instance:com.mindtree.runner.TestRunner@55cf0d14]" started-at="2022-01-13T22:44:26 IST" name="setUpClass" finished-at="2022-01-13T22:44:27 IST" duration-ms="1141" status="PASS">
          <params>
            <param index="0">
              <value>
                <![CDATA[org.testng.TestRunner@633fd91]]>
              </value>
            </param>
          </params>
          <reporter-output>
          </reporter-output>
        </test-method> <!-- setUpClass -->
        <test-method signature="runScenario(io.cucumber.testng.PickleWrapper, io.cucumber.testng.FeatureWrapper)[pri:0, instance:com.mindtree.runner.TestRunner@55cf0d14]" started-at="2022-01-13T22:44:27 IST" name="runScenario" description="Runs Cucumber Scenarios" data-provider="scenarios" finished-at="2022-01-13T22:44:43 IST" duration-ms="15558" status="PASS">
          <params>
            <param index="0">
              <value>
                <![CDATA["Search Car and Validate result"]]>
              </value>
            </param>
            <param index="1">
              <value>
                <![CDATA["Optional[Insurance Company]"]]>
              </value>
            </param>
          </params>
          <reporter-output>
          </reporter-output>
        </test-method> <!-- runScenario -->
        <test-method signature="runScenario(io.cucumber.testng.PickleWrapper, io.cucumber.testng.FeatureWrapper)[pri:0, instance:com.mindtree.runner.TestRunner@55cf0d14]" started-at="2022-01-13T22:44:43 IST" name="runScenario" description="Runs Cucumber Scenarios" data-provider="scenarios" finished-at="2022-01-13T22:44:54 IST" duration-ms="11629" status="PASS">
          <params>
            <param index="0">
              <value>
                <![CDATA["Click on Caseless Garage and Validate result"]]>
              </value>
            </param>
            <param index="1">
              <value>
                <![CDATA["Optional[Insurance Company]"]]>
              </value>
            </param>
          </params>
          <reporter-output>
          </reporter-output>
        </test-method> <!-- runScenario -->
        <test-method signature="runScenario(io.cucumber.testng.PickleWrapper, io.cucumber.testng.FeatureWrapper)[pri:0, instance:com.mindtree.runner.TestRunner@55cf0d14]" started-at="2022-01-13T22:44:54 IST" name="runScenario" description="Runs Cucumber Scenarios" data-provider="scenarios" finished-at="2022-01-13T22:45:06 IST" duration-ms="11487" status="PASS">
          <params>
            <param index="0">
              <value>
                <![CDATA["Click on Corporate Mission and Validate result"]]>
              </value>
            </param>
            <param index="1">
              <value>
                <![CDATA["Optional[Insurance Company]"]]>
              </value>
            </param>
          </params>
          <reporter-output>
          </reporter-output>
        </test-method> <!-- runScenario -->
        <test-method is-config="true" signature="tearDownClass()[pri:0, instance:com.mindtree.runner.TestRunner@55cf0d14]" started-at="2022-01-13T22:45:06 IST" name="tearDownClass" finished-at="2022-01-13T22:45:06 IST" duration-ms="373" status="PASS">
          <reporter-output>
          </reporter-output>
        </test-method> <!-- tearDownClass -->
      </class> <!-- com.mindtree.runner.TestRunner -->
    </test> <!-- Default test -->
  </suite> <!-- Default suite -->
</testng-results>
